<?xml version="1.0" encoding="UTF-8"?>
<!-- Generated by org.testng.reporters.JUnitReportReporter -->
<testsuite hostname="ceasor001" failures="0" tests="1" name="com.demoshop.test.LoginTest" time="6.891" errors="0" timestamp="2024-10-09T11:15:46 IST" skipped="0">
  <testcase classname="com.demoshop.test.LoginTest" name="verifyUserIsAbleToLoginWithValidCreds" time="6.891"/>
</testsuite> <!-- com.demoshop.test.LoginTest -->
