<?xml version="1.0" encoding="UTF-8"?>
<!-- Generated by org.testng.reporters.JUnitReportReporter -->
<testsuite hostname="ceasor001" failures="0" tests="1" name="com.demoshop.test.SearchBoxTest" time="10.133" errors="0" timestamp="2024-10-09T11:15:46 IST" skipped="0">
  <testcase classname="com.demoshop.test.SearchBoxTest" name="verifyUserIsAbletoSearchDesiredProducts" time="10.133"/>
</testsuite> <!-- com.demoshop.test.SearchBoxTest -->
