<?xml version="1.0" encoding="UTF-8"?>
<!-- Generated by org.testng.reporters.JUnitReportReporter -->
<testsuite hostname="ceasor001" failures="0" tests="1" name="com.demoshop.tests.LoginTest" time="9.762" errors="0" timestamp="2024-10-10T16:58:26 IST" skipped="0">
  <testcase classname="com.demoshop.tests.LoginTest" name="verifyUserIsAbleToLoginWithValidCreds" time="9.762"/>
</testsuite> <!-- com.demoshop.tests.LoginTest -->
