<?xml version="1.0" encoding="UTF-8"?>
<!-- Generated by org.testng.reporters.JUnitReportReporter -->
<testsuite hostname="ceasor001" failures="0" tests="1" name="com.demoshop.tests.RemoveFromCartTest" time="10.855" errors="0" timestamp="2024-10-11T08:12:30 IST" skipped="0">
  <testcase classname="com.demoshop.tests.RemoveFromCartTest" name="verfyWhetherUserIsAbleToRemoveAProductFromCart" time="10.855"/>
</testsuite> <!-- com.demoshop.tests.RemoveFromCartTest -->
