<?xml version="1.0" encoding="UTF-8"?>
<!-- Generated by org.testng.reporters.JUnitReportReporter -->
<testsuite hostname="ceasor001" failures="0" tests="1" name="com.demoshop.test.RemoveFromCartTest" time="7.697" errors="0" timestamp="2024-10-04T11:43:57 IST" skipped="0">
  <testcase classname="com.demoshop.test.RemoveFromCartTest" name="verfyWhetherUserIsAbleToRemoveAProductFromCart" time="7.697"/>
</testsuite> <!-- com.demoshop.test.RemoveFromCartTest -->
