<?xml version="1.0" encoding="UTF-8"?>
<!-- Generated by org.testng.reporters.JUnitReportReporter -->
<testsuite hostname="ceasor001" failures="0" tests="1" name="com.demoshop.test.AddToCartTest" time="6.087" errors="0" timestamp="2024-10-04T10:46:33 IST" skipped="0">
  <testcase classname="com.demoshop.test.AddToCartTest" name="CheckWhetherUserIsAbleToAddaSearchedProductToCart" time="6.087"/>
</testsuite> <!-- com.demoshop.test.AddToCartTest -->
