<?xml version="1.0" encoding="UTF-8"?>
<!-- Generated by org.testng.reporters.JUnitReportReporter -->
<testsuite hostname="ceasor001" failures="0" tests="1" name="TestFrame.RegisterationTest" time="6.278" errors="0" timestamp="2024-09-24T11:34:24 IST" skipped="0">
  <testcase classname="TestFrame.RegisterationTest" name="verifyUserIsAbleToRegisterUsingCorrectCreds" time="6.278"/>
</testsuite> <!-- TestFrame.RegisterationTest -->
