<?xml version="1.0" encoding="UTF-8"?>
<!-- Generated by org.testng.reporters.JUnitReportReporter -->
<testsuite hostname="ceasor001" failures="0" tests="1" name="com.demoshop.tests.RegisterationTest" time="6.594" errors="0" timestamp="2024-09-25T11:06:47 IST" skipped="0">
  <testcase classname="com.demoshop.tests.RegisterationTest" name="verifyUserIsAbleToRegisterUsingCorrectCreds" time="6.594"/>
</testsuite> <!-- com.demoshop.tests.RegisterationTest -->
