<?xml version="1.0" encoding="UTF-8"?>
<!-- Generated by org.testng.reporters.JUnitReportReporter -->
<testsuite hostname="ceasor001" failures="0" tests="1" name="TestFrame.LoginTest2" time="7.767" errors="0" timestamp="2024-09-24T11:31:19 IST" skipped="0">
  <testcase classname="TestFrame.LoginTest2" name="verifyUserIsAbleToLoginWithValidCreds" time="7.767"/>
</testsuite> <!-- TestFrame.LoginTest2 -->
