<?xml version="1.0" encoding="UTF-8"?>
<!-- Generated by org.testng.reporters.JUnitReportReporter -->
<testsuite hostname="ceasor001" failures="0" tests="1" name="TestFrame.LoginTest" time="14.036" errors="0" timestamp="2024-09-24T11:27:42 IST" skipped="0">
  <testcase classname="TestFrame.LoginTest" name="verifyUserIsAbleToLoginWithValidCreds" time="14.036"/>
</testsuite> <!-- TestFrame.LoginTest -->
