<?xml version="1.0" encoding="UTF-8"?>
<!-- Generated by org.testng.reporters.JUnitReportReporter -->
<testsuite hostname="ceasor001" failures="0" tests="1" name="com.demoshop.tests.ExcelRegisterationTest" time="10.591" errors="0" timestamp="2024-10-10T16:58:26 IST" skipped="0">
  <testcase classname="com.demoshop.tests.ExcelRegisterationTest" name="verifyUserIsAbleToRegisterUsingCorrectCreds" time="10.591"/>
</testsuite> <!-- com.demoshop.tests.ExcelRegisterationTest -->
