<?xml version="1.0" encoding="UTF-8"?>
<!-- Generated by org.testng.reporters.JUnitReportReporter -->
<testsuite hostname="ceasor001" failures="0" tests="1" name="com.demoshop.tests.RegisterationTest" time="29.025" errors="0" timestamp="2024-10-10T21:51:30 IST" skipped="0">
  <testcase classname="com.demoshop.tests.RegisterationTest" name="verifyUserIsAbleToRegisterUsingCorrectCreds" time="29.025"/>
</testsuite> <!-- com.demoshop.tests.RegisterationTest -->
