<?xml version="1.0" encoding="UTF-8"?>
<!-- Generated by org.testng.reporters.JUnitReportReporter -->
<testsuite hostname="ceasor001" failures="0" tests="1" name="com.demoshop.tests.RegisterationDP2" time="74.461" errors="0" timestamp="2024-10-12T11:21:06 IST" skipped="0">
  <testcase classname="com.demoshop.tests.RegisterationDP2" name="verifyUserIsAbleToMultipleRegisterUsingCorrectCreds" time="74.461"/>
</testsuite> <!-- com.demoshop.tests.RegisterationDP2 -->
