<?xml version="1.0" encoding="UTF-8"?>
<!-- Generated by org.testng.reporters.JUnitReportReporter -->
<testsuite hostname="ceasor001" failures="0" tests="1" name="com.demoshop.tests.SearchTest" time="11.335" errors="0" timestamp="2024-10-10T21:51:30 IST" skipped="0">
  <testcase classname="com.demoshop.tests.SearchTest" name="verifyUserIsAbletoSearchDesiredProducts" time="11.335"/>
</testsuite> <!-- com.demoshop.tests.SearchTest -->
