<?xml version="1.0" encoding="UTF-8"?>
<!-- Generated by org.testng.reporters.JUnitReportReporter -->
<testsuite hostname="ceasor001" failures="0" tests="1" name="com.demoshop.tests.RegisterationDP" time="53.415" errors="0" timestamp="2024-10-10T21:51:30 IST" skipped="0">
  <testcase classname="com.demoshop.tests.RegisterationDP" name="verifyUserIsAbleToMultipleRegisterUsingCorrectCreds" time="53.415"/>
</testsuite> <!-- com.demoshop.tests.RegisterationDP -->
